# JRE version: OpenJDK Runtime Environment Temurin-21.0.8+9 (21.0.8+9) (build 21.0.8+9-LTS)
# Java VM: OpenJDK 64-Bit Server VM Temurin-21.0.8+9 (21.0.8+9-LTS, mixed mode, sharing, tiered, compressed oops, compressed class ptrs, parallel gc, windows-amd64)
GC Precious Log:
 CardTable entry size: 512
 CPUs: 12 total, 12 available
 Memory: 5989M
 Large Page Support: Disabled
 NUMA Support: Disabled
 Compressed Oops: Enabled (32-bit)
 Alignments: Space 512K, Generation 512K, Heap 2M
 Heap Min Capacity: 100M
 Heap Initial Capacity: 100M
 Heap Max Capacity: 2G
 Pre-touch: Disabled
 Parallel Workers: 10
Heap:
 PSYoungGen      total 5120K, used 4101K [0x00000000d5580000, 0x00000000d5c80000, 0x0000000100000000)
  eden space 4096K, 91% used [0x00000000d5580000,0x00000000d5929620,0x00000000d5980000)
  from space 1024K, 34% used [0x00000000d5a80000,0x00000000d5ad8000,0x00000000d5b80000)
  to   space 512K, 0% used [0x00000000d5c00000,0x00000000d5c00000,0x00000000d5c80000)
 ParOldGen       total 1012224K, used 1012021K [0x0000000080000000, 0x00000000bdc80000, 0x00000000d5580000)
  object space 1012224K, 99% used [0x0000000080000000,0x00000000bdc4d758,0x00000000bdc80000)
 Metaspace       used 82971K, committed 84736K, reserved 1179648K
  class space    used 8870K, committed 9664K, reserved 1048576K
GC Heap History (20 events):
Event: 2055.152 GC heap before
{Heap before GC invocations=917 (full 3):
 PSYoungGen      total 5120K, used 5119K [0x00000000d5580000, 0x00000000d6080000, 0x0000000100000000)
  eden space 3072K, 99% used [0x00000000d5580000,0x00000000d587fff8,0x00000000d5880000)
  from space 2048K, 100% used [0x00000000d5880000,0x00000000d5a80000,0x00000000d5a80000)
  to   space 4096K, 0% used [0x00000000d5c80000,0x00000000d5c80000,0x00000000d6080000)
 ParOldGen       total 1007104K, used 1006906K [0x0000000080000000, 0x00000000bd780000, 0x00000000d5580000)
  object space 1007104K, 99% used [0x0000000080000000,0x00000000bd74e9b8,0x00000000bd780000)
 Metaspace       used 82151K, committed 83904K, reserved 1179648K
  class space    used 8775K, committed 9536K, reserved 1048576K
}
Event: 2055.158 GC heap after
{Heap after GC invocations=917 (full 3):
 PSYoungGen      total 7168K, used 2224K [0x00000000d5580000, 0x00000000d5f80000, 0x0000000100000000)
  eden space 4096K, 0% used [0x00000000d5580000,0x00000000d5580000,0x00000000d5980000)
  from space 3072K, 72% used [0x00000000d5c80000,0x00000000d5eac2f0,0x00000000d5f80000)
  to   space 3072K, 0% used [0x00000000d5980000,0x00000000d5980000,0x00000000d5c80000)
 ParOldGen       total 1009152K, used 1008978K [0x0000000080000000, 0x00000000bd980000, 0x00000000d5580000)
  object space 1009152K, 99% used [0x0000000080000000,0x00000000bd9549b8,0x00000000bd980000)
 Metaspace       used 82151K, committed 83904K, reserved 1179648K
  class space    used 8775K, committed 9536K, reserved 1048576K
}
Event: 2055.171 GC heap before
{Heap before GC invocations=918 (full 3):
 PSYoungGen      total 7168K, used 6320K [0x00000000d5580000, 0x00000000d5f80000, 0x0000000100000000)
  eden space 4096K, 100% used [0x00000000d5580000,0x00000000d5980000,0x00000000d5980000)
  from space 3072K, 72% used [0x00000000d5c80000,0x00000000d5eac2f0,0x00000000d5f80000)
  to   space 3072K, 0% used [0x00000000d5980000,0x00000000d5980000,0x00000000d5c80000)
 ParOldGen       total 1009152K, used 1008978K [0x0000000080000000, 0x00000000bd980000, 0x00000000d5580000)
  object space 1009152K, 99% used [0x0000000080000000,0x00000000bd9549b8,0x00000000bd980000)
 Metaspace       used 82156K, committed 83904K, reserved 1179648K
  class space    used 8775K, committed 9536K, reserved 1048576K
}
Event: 2055.177 GC heap after
{Heap after GC invocations=918 (full 3):
 PSYoungGen      total 7168K, used 1584K [0x00000000d5580000, 0x00000000d5e80000, 0x0000000100000000)
  eden space 4096K, 0% used [0x00000000d5580000,0x00000000d5580000,0x00000000d5980000)
  from space 3072K, 51% used [0x00000000d5980000,0x00000000d5b0c2f0,0x00000000d5c80000)
  to   space 2048K, 0% used [0x00000000d5c80000,0x00000000d5c80000,0x00000000d5e80000)
 ParOldGen       total 1009664K, used 1009596K [0x0000000080000000, 0x00000000bda00000, 0x00000000d5580000)
  object space 1009664K, 99% used [0x0000000080000000,0x00000000bd9ef2b8,0x00000000bda00000)
 Metaspace       used 82156K, committed 83904K, reserved 1179648K
  class space    used 8775K, committed 9536K, reserved 1048576K
}
Event: 2056.893 GC heap before
{Heap before GC invocations=919 (full 3):
 PSYoungGen      total 7168K, used 5664K [0x00000000d5580000, 0x00000000d5e80000, 0x0000000100000000)
  eden space 4096K, 99% used [0x00000000d5580000,0x00000000d597be70,0x00000000d5980000)
  from space 3072K, 51% used [0x00000000d5980000,0x00000000d5b0c2f0,0x00000000d5c80000)
  to   space 2048K, 0% used [0x00000000d5c80000,0x00000000d5c80000,0x00000000d5e80000)
 ParOldGen       total 1009664K, used 1009596K [0x0000000080000000, 0x00000000bda00000, 0x00000000d5580000)
  object space 1009664K, 99% used [0x0000000080000000,0x00000000bd9ef2b8,0x00000000bda00000)
 Metaspace       used 82164K, committed 83904K, reserved 1179648K
  class space    used 8775K, committed 9536K, reserved 1048576K
}
Event: 2056.897 GC heap after
{Heap after GC invocations=919 (full 3):
 PSYoungGen      total 4608K, used 320K [0x00000000d5580000, 0x00000000d5d00000, 0x0000000100000000)
  eden space 4096K, 0% used [0x00000000d5580000,0x00000000d5580000,0x00000000d5980000)
  from space 512K, 62% used [0x00000000d5c80000,0x00000000d5cd0000,0x00000000d5d00000)
  to   space 1024K, 0% used [0x00000000d5b00000,0x00000000d5b00000,0x00000000d5c00000)
 ParOldGen       total 1010176K, used 1009836K [0x0000000080000000, 0x00000000bda80000, 0x00000000d5580000)
  object space 1010176K, 99% used [0x0000000080000000,0x00000000bda2b2b8,0x00000000bda80000)
 Metaspace       used 82164K, committed 83904K, reserved 1179648K
  class space    used 8775K, committed 9536K, reserved 1048576K
}
Event: 2073.878 GC heap before
{Heap before GC invocations=920 (full 3):
 PSYoungGen      total 4608K, used 4416K [0x00000000d5580000, 0x00000000d5d00000, 0x0000000100000000)
  eden space 4096K, 100% used [0x00000000d5580000,0x00000000d5980000,0x00000000d5980000)
  from space 512K, 62% used [0x00000000d5c80000,0x00000000d5cd0000,0x00000000d5d00000)
  to   space 1024K, 0% used [0x00000000d5b00000,0x00000000d5b00000,0x00000000d5c00000)
 ParOldGen       total 1010176K, used 1009836K [0x0000000080000000, 0x00000000bda80000, 0x00000000d5580000)
  object space 1010176K, 99% used [0x0000000080000000,0x00000000bda2b2b8,0x00000000bda80000)
 Metaspace       used 82187K, committed 83904K, reserved 1179648K
  class space    used 8775K, committed 9536K, reserved 1048576K
}
Event: 2073.883 GC heap after
{Heap after GC invocations=920 (full 3):
 PSYoungGen      total 5120K, used 672K [0x00000000d5580000, 0x00000000d5d00000, 0x0000000100000000)
  eden space 4096K, 0% used [0x00000000d5580000,0x00000000d5580000,0x00000000d5980000)
  from space 1024K, 65% used [0x00000000d5b00000,0x00000000d5ba8040,0x00000000d5c00000)
  to   space 1024K, 0% used [0x00000000d5c00000,0x00000000d5c00000,0x00000000d5d00000)
 ParOldGen       total 1010176K, used 1009892K [0x0000000080000000, 0x00000000bda80000, 0x00000000d5580000)
  object space 1010176K, 99% used [0x0000000080000000,0x00000000bda392c8,0x00000000bda80000)
 Metaspace       used 82187K, committed 83904K, reserved 1179648K
  class space    used 8775K, committed 9536K, reserved 1048576K
}
Event: 2074.151 GC heap before
{Heap before GC invocations=921 (full 3):
 PSYoungGen      total 5120K, used 4768K [0x00000000d5580000, 0x00000000d5d00000, 0x0000000100000000)
  eden space 4096K, 100% used [0x00000000d5580000,0x00000000d5980000,0x00000000d5980000)
  from space 1024K, 65% used [0x00000000d5b00000,0x00000000d5ba8040,0x00000000d5c00000)
  to   space 1024K, 0% used [0x00000000d5c00000,0x00000000d5c00000,0x00000000d5d00000)
 ParOldGen       total 1010176K, used 1009892K [0x0000000080000000, 0x00000000bda80000, 0x00000000d5580000)
  object space 1010176K, 99% used [0x0000000080000000,0x00000000bda392c8,0x00000000bda80000)
 Metaspace       used 82221K, committed 84032K, reserved 1179648K
  class space    used 8776K, committed 9536K, reserved 1048576K
}
Event: 2074.156 GC heap after
{Heap after GC invocations=921 (full 3):
 PSYoungGen      total 5120K, used 944K [0x00000000d5580000, 0x00000000d5d00000, 0x0000000100000000)
  eden space 4096K, 0% used [0x00000000d5580000,0x00000000d5580000,0x00000000d5980000)
  from space 1024K, 92% used [0x00000000d5c00000,0x00000000d5cec030,0x00000000d5d00000)
  to   space 1024K, 0% used [0x00000000d5b00000,0x00000000d5b00000,0x00000000d5c00000)
 ParOldGen       total 1010688K, used 1010399K [0x0000000080000000, 0x00000000bdb00000, 0x00000000d5580000)
  object space 1010688K, 99% used [0x0000000080000000,0x00000000bdab7c18,0x00000000bdb00000)
 Metaspace       used 82221K, committed 84032K, reserved 1179648K
  class space    used 8776K, committed 9536K, reserved 1048576K
}
Event: 2074.420 GC heap before
{Heap before GC invocations=922 (full 3):
 PSYoungGen      total 5120K, used 5040K [0x00000000d5580000, 0x00000000d5d00000, 0x0000000100000000)
  eden space 4096K, 100% used [0x00000000d5580000,0x00000000d5980000,0x00000000d5980000)
  from space 1024K, 92% used [0x00000000d5c00000,0x00000000d5cec030,0x00000000d5d00000)
  to   space 1024K, 0% used [0x00000000d5b00000,0x00000000d5b00000,0x00000000d5c00000)
 ParOldGen       total 1010688K, used 1010399K [0x0000000080000000, 0x00000000bdb00000, 0x00000000d5580000)
  object space 1010688K, 99% used [0x0000000080000000,0x00000000bdab7c18,0x00000000bdb00000)
 Metaspace       used 82249K, committed 84032K, reserved 1179648K
  class space    used 8776K, committed 9536K, reserved 1048576K
}
Event: 2074.426 GC heap after
{Heap after GC invocations=922 (full 3):
 PSYoungGen      total 5120K, used 576K [0x00000000d5580000, 0x00000000d5c80000, 0x0000000100000000)
  eden space 4096K, 0% used [0x00000000d5580000,0x00000000d5580000,0x00000000d5980000)
  from space 1024K, 56% used [0x00000000d5b00000,0x00000000d5b90000,0x00000000d5c00000)
  to   space 512K, 0% used [0x00000000d5c00000,0x00000000d5c00000,0x00000000d5c80000)
 ParOldGen       total 1011200K, used 1011153K [0x0000000080000000, 0x00000000bdb80000, 0x00000000d5580000)
  object space 1011200K, 99% used [0x0000000080000000,0x00000000bdb74548,0x00000000bdb80000)
 Metaspace       used 82249K, committed 84032K, reserved 1179648K
  class space    used 8776K, committed 9536K, reserved 1048576K
}
Event: 2074.875 GC heap before
{Heap before GC invocations=923 (full 3):
 PSYoungGen      total 5120K, used 4660K [0x00000000d5580000, 0x00000000d5c80000, 0x0000000100000000)
  eden space 4096K, 99% used [0x00000000d5580000,0x00000000d597d030,0x00000000d5980000)
  from space 1024K, 56% used [0x00000000d5b00000,0x00000000d5b90000,0x00000000d5c00000)
  to   space 512K, 0% used [0x00000000d5c00000,0x00000000d5c00000,0x00000000d5c80000)
 ParOldGen       total 1011200K, used 1011153K [0x0000000080000000, 0x00000000bdb80000, 0x00000000d5580000)
  object space 1011200K, 99% used [0x0000000080000000,0x00000000bdb74548,0x00000000bdb80000)
 Metaspace       used 82507K, committed 84288K, reserved 1179648K
  class space    used 8792K, committed 9536K, reserved 1048576K
}
Event: 2074.881 GC heap after
{Heap after GC invocations=923 (full 3):
 PSYoungGen      total 4608K, used 320K [0x00000000d5580000, 0x00000000d5c80000, 0x0000000100000000)
  eden space 4096K, 0% used [0x00000000d5580000,0x00000000d5580000,0x00000000d5980000)
  from space 512K, 62% used [0x00000000d5c00000,0x00000000d5c50000,0x00000000d5c80000)
  to   space 512K, 0% used [0x00000000d5b80000,0x00000000d5b80000,0x00000000d5c00000)
 ParOldGen       total 1011200K, used 1011185K [0x0000000080000000, 0x00000000bdb80000, 0x00000000d5580000)
  object space 1011200K, 99% used [0x0000000080000000,0x00000000bdb7c548,0x00000000bdb80000)
 Metaspace       used 82507K, committed 84288K, reserved 1179648K
  class space    used 8792K, committed 9536K, reserved 1048576K
}
Event: 2076.510 GC heap before
{Heap before GC invocations=924 (full 3):
 PSYoungGen      total 4608K, used 4416K [0x00000000d5580000, 0x00000000d5c80000, 0x0000000100000000)
  eden space 4096K, 100% used [0x00000000d5580000,0x00000000d5980000,0x00000000d5980000)
  from space 512K, 62% used [0x00000000d5c00000,0x00000000d5c50000,0x00000000d5c80000)
  to   space 512K, 0% used [0x00000000d5b80000,0x00000000d5b80000,0x00000000d5c00000)
 ParOldGen       total 1011200K, used 1011185K [0x0000000080000000, 0x00000000bdb80000, 0x00000000d5580000)
  object space 1011200K, 99% used [0x0000000080000000,0x00000000bdb7c548,0x00000000bdb80000)
 Metaspace       used 82874K, committed 84672K, reserved 1179648K
  class space    used 8869K, committed 9664K, reserved 1048576K
}
Event: 2076.514 GC heap after
{Heap after GC invocations=924 (full 3):
 PSYoungGen      total 4608K, used 256K [0x00000000d5580000, 0x00000000d5c80000, 0x0000000100000000)
  eden space 4096K, 0% used [0x00000000d5580000,0x00000000d5580000,0x00000000d5980000)
  from space 512K, 50% used [0x00000000d5b80000,0x00000000d5bc0000,0x00000000d5c00000)
  to   space 512K, 0% used [0x00000000d5c00000,0x00000000d5c00000,0x00000000d5c80000)
 ParOldGen       total 1011712K, used 1011297K [0x0000000080000000, 0x00000000bdc00000, 0x00000000d5580000)
  object space 1011712K, 99% used [0x0000000080000000,0x00000000bdb98548,0x00000000bdc00000)
 Metaspace       used 82874K, committed 84672K, reserved 1179648K
  class space    used 8869K, committed 9664K, reserved 1048576K
}
Event: 2076.998 GC heap before
{Heap before GC invocations=925 (full 3):
 PSYoungGen      total 4608K, used 4352K [0x00000000d5580000, 0x00000000d5c80000, 0x0000000100000000)
  eden space 4096K, 100% used [0x00000000d5580000,0x00000000d5980000,0x00000000d5980000)
  from space 512K, 50% used [0x00000000d5b80000,0x00000000d5bc0000,0x00000000d5c00000)
  to   space 512K, 0% used [0x00000000d5c00000,0x00000000d5c00000,0x00000000d5c80000)
 ParOldGen       total 1011712K, used 1011297K [0x0000000080000000, 0x00000000bdc00000, 0x00000000d5580000)
  object space 1011712K, 99% used [0x0000000080000000,0x00000000bdb98548,0x00000000bdc00000)
 Metaspace       used 82890K, committed 84736K, reserved 1179648K
  class space    used 8870K, committed 9664K, reserved 1048576K
}
Event: 2077.001 GC heap after
{Heap after GC invocations=925 (full 3):
 PSYoungGen      total 4608K, used 496K [0x00000000d5580000, 0x00000000d5c80000, 0x0000000100000000)
  eden space 4096K, 0% used [0x00000000d5580000,0x00000000d5580000,0x00000000d5980000)
  from space 512K, 96% used [0x00000000d5c00000,0x00000000d5c7c010,0x00000000d5c80000)
  to   space 1024K, 0% used [0x00000000d5a80000,0x00000000d5a80000,0x00000000d5b80000)
 ParOldGen       total 1011712K, used 1011555K [0x0000000080000000, 0x00000000bdc00000, 0x00000000d5580000)
  object space 1011712K, 99% used [0x0000000080000000,0x00000000bdbd8e48,0x00000000bdc00000)
 Metaspace       used 82890K, committed 84736K, reserved 1179648K
  class space    used 8870K, committed 9664K, reserved 1048576K
}
Event: 2077.319 GC heap before
{Heap before GC invocations=926 (full 3):
 PSYoungGen      total 4608K, used 4592K [0x00000000d5580000, 0x00000000d5c80000, 0x0000000100000000)
  eden space 4096K, 100% used [0x00000000d5580000,0x00000000d5980000,0x00000000d5980000)
  from space 512K, 96% used [0x00000000d5c00000,0x00000000d5c7c010,0x00000000d5c80000)
  to   space 1024K, 0% used [0x00000000d5a80000,0x00000000d5a80000,0x00000000d5b80000)
 ParOldGen       total 1011712K, used 1011555K [0x0000000080000000, 0x00000000bdc00000, 0x00000000d5580000)
  object space 1011712K, 99% used [0x0000000080000000,0x00000000bdbd8e48,0x00000000bdc00000)
 Metaspace       used 82917K, committed 84736K, reserved 1179648K
  class space    used 8870K, committed 9664K, reserved 1048576K
}
Event: 2077.323 GC heap after
{Heap after GC invocations=926 (full 3):
 PSYoungGen      total 5120K, used 352K [0x00000000d5580000, 0x00000000d5c80000, 0x0000000100000000)
  eden space 4096K, 0% used [0x00000000d5580000,0x00000000d5580000,0x00000000d5980000)
  from space 1024K, 34% used [0x00000000d5a80000,0x00000000d5ad8000,0x00000000d5b80000)
  to   space 512K, 0% used [0x00000000d5c00000,0x00000000d5c00000,0x00000000d5c80000)
 ParOldGen       total 1012224K, used 1012021K [0x0000000080000000, 0x00000000bdc80000, 0x00000000d5580000)
  object space 1012224K, 99% used [0x0000000080000000,0x00000000bdc4d758,0x00000000bdc80000)
 Metaspace       used 82917K, committed 84736K, reserved 1179648K
  class space    used 8870K, committed 9664K, reserved 1048576K
}

